<?xml version="1.0" encoding="UTF-8"?>
<testsuites name="Mocha Tests" time="4.973" tests="4" failures="0">
  <testsuite name="Root Suite" timestamp="2026-09-26T19:16:02" tests="4" file="cypress/e2e/data-driven.cy.js" time="4.972" failures="0">
    <testcase name="data driven test for username 12" time="2.368" classname="data driven test for username 12">
    </testcase>
    <testcase name="data driven test for username 123" time="0.726" classname="data driven test for username 123">
    </testcase>
    <testcase name="data driven test for username 12345678901234567890" time="0.764" classname="data driven test for username 12345678901234567890">
    </testcase>
    <testcase name="data driven test for username 123456789012345678901" time="1.042" classname="data driven test for username 123456789012345678901">
    </testcase>
  </testsuite>
</testsuites>